{"/home/ck9891/node-auth/src/utils/login.ts": {"path":"/home/ck9891/node-auth/src/utils/login.ts","all":false,"statementMap":{"0":{"start":{"line":1,"column":0},"end":{"line":1,"column":31}},"1":{"start":{"line":2,"column":0},"end":{"line":2,"column":38}},"2":{"start":{"line":3,"column":0},"end":{"line":3,"column":31}},"3":{"start":{"line":4,"column":0},"end":{"line":4,"column":64}},"4":{"start":{"line":5,"column":0},"end":{"line":5,"column":0}},"5":{"start":{"line":6,"column":0},"end":{"line":6,"column":69}},"6":{"start":{"line":7,"column":0},"end":{"line":7,"column":61}},"7":{"start":{"line":8,"column":0},"end":{"line":8,"column":0}},"8":{"start":{"line":9,"column":0},"end":{"line":9,"column":3}},"9":{"start":{"line":10,"column":0},"end":{"line":10,"column":42}},"10":{"start":{"line":11,"column":0},"end":{"line":11,"column":63}},"11":{"start":{"line":12,"column":0},"end":{"line":12,"column":35}},"12":{"start":{"line":13,"column":0},"end":{"line":13,"column":3}},"13":{"start":{"line":14,"column":0},"end":{"line":14,"column":50}},"14":{"start":{"line":15,"column":0},"end":{"line":15,"column":67}},"15":{"start":{"line":16,"column":0},"end":{"line":16,"column":40}},"16":{"start":{"line":17,"column":0},"end":{"line":17,"column":5}},"17":{"start":{"line":18,"column":0},"end":{"line":18,"column":49}},"18":{"start":{"line":19,"column":0},"end":{"line":19,"column":15}},"19":{"start":{"line":20,"column":0},"end":{"line":20,"column":1}},"20":{"start":{"line":21,"column":0},"end":{"line":21,"column":0}},"21":{"start":{"line":22,"column":0},"end":{"line":22,"column":3}},"22":{"start":{"line":23,"column":0},"end":{"line":23,"column":42}},"23":{"start":{"line":24,"column":0},"end":{"line":24,"column":63}},"24":{"start":{"line":25,"column":0},"end":{"line":25,"column":35}},"25":{"start":{"line":26,"column":0},"end":{"line":26,"column":3}},"26":{"start":{"line":27,"column":0},"end":{"line":27,"column":41}},"27":{"start":{"line":28,"column":0},"end":{"line":28,"column":67}},"28":{"start":{"line":29,"column":0},"end":{"line":29,"column":39}},"29":{"start":{"line":30,"column":0},"end":{"line":30,"column":5}},"30":{"start":{"line":31,"column":0},"end":{"line":31,"column":15}},"31":{"start":{"line":32,"column":0},"end":{"line":32,"column":1}},"32":{"start":{"line":33,"column":0},"end":{"line":33,"column":0}},"33":{"start":{"line":34,"column":0},"end":{"line":34,"column":3}},"34":{"start":{"line":35,"column":0},"end":{"line":35,"column":54}},"35":{"start":{"line":36,"column":0},"end":{"line":36,"column":26}},"36":{"start":{"line":37,"column":0},"end":{"line":37,"column":38}},"37":{"start":{"line":38,"column":0},"end":{"line":38,"column":54}},"38":{"start":{"line":39,"column":0},"end":{"line":39,"column":55}},"39":{"start":{"line":40,"column":0},"end":{"line":40,"column":3}},"40":{"start":{"line":41,"column":0},"end":{"line":41,"column":37}},"41":{"start":{"line":42,"column":0},"end":{"line":42,"column":13}},"42":{"start":{"line":43,"column":0},"end":{"line":43,"column":13}},"43":{"start":{"line":44,"column":0},"end":{"line":44,"column":19}},"44":{"start":{"line":45,"column":0},"end":{"line":45,"column":27}},"45":{"start":{"line":46,"column":0},"end":{"line":46,"column":7}},"46":{"start":{"line":47,"column":0},"end":{"line":47,"column":42}},"47":{"start":{"line":48,"column":0},"end":{"line":48,"column":52}},"48":{"start":{"line":49,"column":0},"end":{"line":49,"column":0}},"49":{"start":{"line":50,"column":0},"end":{"line":50,"column":63}},"50":{"start":{"line":51,"column":0},"end":{"line":51,"column":0}},"51":{"start":{"line":52,"column":0},"end":{"line":52,"column":65}},"52":{"start":{"line":53,"column":0},"end":{"line":53,"column":13}},"53":{"start":{"line":54,"column":0},"end":{"line":54,"column":39}},"54":{"start":{"line":55,"column":0},"end":{"line":55,"column":25}},"55":{"start":{"line":56,"column":0},"end":{"line":56,"column":23}},"56":{"start":{"line":57,"column":0},"end":{"line":57,"column":31}},"57":{"start":{"line":58,"column":0},"end":{"line":58,"column":68}},"58":{"start":{"line":59,"column":0},"end":{"line":59,"column":25}},"59":{"start":{"line":60,"column":0},"end":{"line":60,"column":30}},"60":{"start":{"line":61,"column":0},"end":{"line":61,"column":8}},"61":{"start":{"line":62,"column":0},"end":{"line":62,"column":7}},"62":{"start":{"line":63,"column":0},"end":{"line":63,"column":0}},"63":{"start":{"line":64,"column":0},"end":{"line":64,"column":30}},"64":{"start":{"line":65,"column":0},"end":{"line":65,"column":63}},"65":{"start":{"line":66,"column":0},"end":{"line":66,"column":5}},"66":{"start":{"line":67,"column":0},"end":{"line":67,"column":0}},"67":{"start":{"line":68,"column":0},"end":{"line":68,"column":41}},"68":{"start":{"line":69,"column":0},"end":{"line":69,"column":19}},"69":{"start":{"line":70,"column":0},"end":{"line":70,"column":53}},"70":{"start":{"line":71,"column":0},"end":{"line":71,"column":67}},"71":{"start":{"line":72,"column":0},"end":{"line":72,"column":3}},"72":{"start":{"line":73,"column":0},"end":{"line":73,"column":1}},"73":{"start":{"line":74,"column":0},"end":{"line":74,"column":0}},"74":{"start":{"line":75,"column":0},"end":{"line":75,"column":3}},"75":{"start":{"line":76,"column":0},"end":{"line":76,"column":48}},"76":{"start":{"line":77,"column":0},"end":{"line":77,"column":46}},"77":{"start":{"line":78,"column":0},"end":{"line":78,"column":40}},"78":{"start":{"line":79,"column":0},"end":{"line":79,"column":59}},"79":{"start":{"line":80,"column":0},"end":{"line":80,"column":3}},"80":{"start":{"line":81,"column":0},"end":{"line":81,"column":71}},"81":{"start":{"line":82,"column":0},"end":{"line":82,"column":7}},"82":{"start":{"line":83,"column":0},"end":{"line":83,"column":54}},"83":{"start":{"line":84,"column":0},"end":{"line":84,"column":69}},"84":{"start":{"line":85,"column":0},"end":{"line":85,"column":14}},"85":{"start":{"line":86,"column":0},"end":{"line":86,"column":32}},"86":{"start":{"line":87,"column":0},"end":{"line":87,"column":8}},"87":{"start":{"line":88,"column":0},"end":{"line":88,"column":7}},"88":{"start":{"line":89,"column":0},"end":{"line":89,"column":0}},"89":{"start":{"line":90,"column":0},"end":{"line":90,"column":30}},"90":{"start":{"line":91,"column":0},"end":{"line":91,"column":49}},"91":{"start":{"line":92,"column":0},"end":{"line":92,"column":5}},"92":{"start":{"line":93,"column":0},"end":{"line":93,"column":0}},"93":{"start":{"line":94,"column":0},"end":{"line":94,"column":39}},"94":{"start":{"line":95,"column":0},"end":{"line":95,"column":52}},"95":{"start":{"line":96,"column":0},"end":{"line":96,"column":5}},"96":{"start":{"line":97,"column":0},"end":{"line":97,"column":0}},"97":{"start":{"line":98,"column":0},"end":{"line":98,"column":53}},"98":{"start":{"line":99,"column":0},"end":{"line":99,"column":42}},"99":{"start":{"line":100,"column":0},"end":{"line":100,"column":51}},"100":{"start":{"line":101,"column":0},"end":{"line":101,"column":5}},"101":{"start":{"line":102,"column":0},"end":{"line":102,"column":0}},"102":{"start":{"line":103,"column":0},"end":{"line":103,"column":62}},"103":{"start":{"line":104,"column":0},"end":{"line":104,"column":19}},"104":{"start":{"line":105,"column":0},"end":{"line":105,"column":19}},"105":{"start":{"line":106,"column":0},"end":{"line":106,"column":25}},"106":{"start":{"line":107,"column":0},"end":{"line":107,"column":64}},"107":{"start":{"line":108,"column":0},"end":{"line":108,"column":3}},"108":{"start":{"line":109,"column":0},"end":{"line":109,"column":1}},"109":{"start":{"line":110,"column":0},"end":{"line":110,"column":0}},"110":{"start":{"line":111,"column":0},"end":{"line":111,"column":61}},"111":{"start":{"line":112,"column":0},"end":{"line":112,"column":36}},"112":{"start":{"line":113,"column":0},"end":{"line":113,"column":39}},"113":{"start":{"line":114,"column":0},"end":{"line":114,"column":30}},"114":{"start":{"line":115,"column":0},"end":{"line":115,"column":5}},"115":{"start":{"line":116,"column":0},"end":{"line":116,"column":1}},"116":{"start":{"line":117,"column":0},"end":{"line":117,"column":0}},"117":{"start":{"line":118,"column":0},"end":{"line":118,"column":88}},"118":{"start":{"line":119,"column":0},"end":{"line":119,"column":50}},"119":{"start":{"line":120,"column":0},"end":{"line":120,"column":45}},"120":{"start":{"line":121,"column":0},"end":{"line":121,"column":30}},"121":{"start":{"line":122,"column":0},"end":{"line":122,"column":5}},"122":{"start":{"line":123,"column":0},"end":{"line":123,"column":0}},"123":{"start":{"line":124,"column":0},"end":{"line":124,"column":14}},"124":{"start":{"line":125,"column":0},"end":{"line":125,"column":38}},"125":{"start":{"line":126,"column":0},"end":{"line":126,"column":3}},"126":{"start":{"line":127,"column":0},"end":{"line":127,"column":0}},"127":{"start":{"line":128,"column":0},"end":{"line":128,"column":45}},"128":{"start":{"line":129,"column":0},"end":{"line":129,"column":1}}},"s":{"0":1,"1":1,"2":1,"3":1,"4":1,"5":1,"6":1,"7":1,"8":1,"9":1,"10":1,"11":1,"12":1,"13":5,"14":5,"15":5,"16":5,"17":5,"18":5,"19":5,"20":1,"21":1,"22":1,"23":1,"24":1,"25":1,"26":6,"27":6,"28":6,"29":6,"30":6,"31":6,"32":1,"33":1,"34":1,"35":1,"36":1,"37":1,"38":1,"39":1,"40":5,"41":5,"42":5,"43":5,"44":5,"45":5,"46":5,"47":5,"48":5,"49":5,"50":5,"51":5,"52":5,"53":5,"54":5,"55":5,"56":5,"57":5,"58":5,"59":5,"60":5,"61":5,"62":3,"63":5,"64":1,"65":1,"66":2,"67":2,"68":5,"69":3,"70":3,"71":3,"72":5,"73":1,"74":1,"75":1,"76":1,"77":1,"78":1,"79":1,"80":9,"81":9,"82":9,"83":9,"84":9,"85":9,"86":9,"87":9,"88":9,"89":9,"90":2,"91":2,"92":7,"93":9,"94":1,"95":1,"96":6,"97":9,"98":1,"99":1,"100":1,"101":5,"102":5,"103":5,"104":5,"105":5,"106":5,"107":5,"108":9,"109":1,"110":3,"111":3,"112":3,"113":3,"114":3,"115":2,"116":1,"117":4,"118":4,"119":3,"120":3,"121":3,"122":3,"123":4,"124":1,"125":1,"126":2,"127":2,"128":2},"branchMap":{"0":{"type":"branch","line":14,"loc":{"start":{"line":14,"column":0},"end":{"line":20,"column":1}},"locations":[{"start":{"line":14,"column":0},"end":{"line":20,"column":1}}]},"1":{"type":"branch","line":27,"loc":{"start":{"line":27,"column":0},"end":{"line":32,"column":1}},"locations":[{"start":{"line":27,"column":0},"end":{"line":32,"column":1}}]},"2":{"type":"branch","line":41,"loc":{"start":{"line":41,"column":0},"end":{"line":73,"column":1}},"locations":[{"start":{"line":41,"column":0},"end":{"line":73,"column":1}}]},"3":{"type":"branch","line":63,"loc":{"start":{"line":63,"column":-1},"end":{"line":64,"column":29}},"locations":[{"start":{"line":63,"column":-1},"end":{"line":64,"column":29}}]},"4":{"type":"branch","line":64,"loc":{"start":{"line":64,"column":29},"end":{"line":66,"column":5}},"locations":[{"start":{"line":64,"column":29},"end":{"line":66,"column":5}}]},"5":{"type":"branch","line":67,"loc":{"start":{"line":67,"column":-1},"end":{"line":69,"column":11}},"locations":[{"start":{"line":67,"column":-1},"end":{"line":69,"column":11}}]},"6":{"type":"branch","line":69,"loc":{"start":{"line":69,"column":4},"end":{"line":72,"column":3}},"locations":[{"start":{"line":69,"column":4},"end":{"line":72,"column":3}}]},"7":{"type":"branch","line":81,"loc":{"start":{"line":81,"column":0},"end":{"line":109,"column":1}},"locations":[{"start":{"line":81,"column":0},"end":{"line":109,"column":1}}]},"8":{"type":"branch","line":90,"loc":{"start":{"line":90,"column":29},"end":{"line":92,"column":5}},"locations":[{"start":{"line":90,"column":29},"end":{"line":92,"column":5}}]},"9":{"type":"branch","line":93,"loc":{"start":{"line":93,"column":-1},"end":{"line":94,"column":38}},"locations":[{"start":{"line":93,"column":-1},"end":{"line":94,"column":38}}]},"10":{"type":"branch","line":94,"loc":{"start":{"line":94,"column":38},"end":{"line":96,"column":5}},"locations":[{"start":{"line":94,"column":38},"end":{"line":96,"column":5}}]},"11":{"type":"branch","line":97,"loc":{"start":{"line":97,"column":-1},"end":{"line":98,"column":52}},"locations":[{"start":{"line":97,"column":-1},"end":{"line":98,"column":52}}]},"12":{"type":"branch","line":98,"loc":{"start":{"line":98,"column":52},"end":{"line":101,"column":5}},"locations":[{"start":{"line":98,"column":52},"end":{"line":101,"column":5}}]},"13":{"type":"branch","line":102,"loc":{"start":{"line":102,"column":-1},"end":{"line":108,"column":3}},"locations":[{"start":{"line":102,"column":-1},"end":{"line":108,"column":3}}]},"14":{"type":"branch","line":111,"loc":{"start":{"line":111,"column":0},"end":{"line":116,"column":1}},"locations":[{"start":{"line":111,"column":0},"end":{"line":116,"column":1}}]},"15":{"type":"branch","line":116,"loc":{"start":{"line":116,"column":-1},"end":{"line":116,"column":1}},"locations":[{"start":{"line":116,"column":-1},"end":{"line":116,"column":1}}]},"16":{"type":"branch","line":118,"loc":{"start":{"line":118,"column":0},"end":{"line":129,"column":1}},"locations":[{"start":{"line":118,"column":0},"end":{"line":129,"column":1}}]},"17":{"type":"branch","line":120,"loc":{"start":{"line":120,"column":-1},"end":{"line":124,"column":13}},"locations":[{"start":{"line":120,"column":-1},"end":{"line":124,"column":13}}]},"18":{"type":"branch","line":124,"loc":{"start":{"line":124,"column":13},"end":{"line":126,"column":3}},"locations":[{"start":{"line":124,"column":13},"end":{"line":126,"column":3}}]},"19":{"type":"branch","line":127,"loc":{"start":{"line":127,"column":-1},"end":{"line":129,"column":1}},"locations":[{"start":{"line":127,"column":-1},"end":{"line":129,"column":1}}]}},"b":{"0":[5],"1":[6],"2":[5],"3":[3],"4":[1],"5":[2],"6":[3],"7":[9],"8":[2],"9":[7],"10":[1],"11":[6],"12":[1],"13":[5],"14":[3],"15":[2],"16":[4],"17":[3],"18":[1],"19":[2]},"fnMap":{"0":{"name":"generateRefreshToken","decl":{"start":{"line":14,"column":0},"end":{"line":20,"column":1}},"loc":{"start":{"line":14,"column":0},"end":{"line":20,"column":1}},"line":14},"1":{"name":"assignToken","decl":{"start":{"line":27,"column":0},"end":{"line":32,"column":1}},"loc":{"start":{"line":27,"column":0},"end":{"line":32,"column":1}},"line":27},"2":{"name":"generateTokens","decl":{"start":{"line":41,"column":0},"end":{"line":73,"column":1}},"loc":{"start":{"line":41,"column":0},"end":{"line":73,"column":1}},"line":41},"3":{"name":"verifyToken","decl":{"start":{"line":81,"column":0},"end":{"line":109,"column":1}},"loc":{"start":{"line":81,"column":0},"end":{"line":109,"column":1}},"line":81},"4":{"name":"invalidateRefreshToken","decl":{"start":{"line":111,"column":0},"end":{"line":116,"column":1}},"loc":{"start":{"line":111,"column":0},"end":{"line":116,"column":1}},"line":111},"5":{"name":"renewTokens","decl":{"start":{"line":118,"column":0},"end":{"line":129,"column":1}},"loc":{"start":{"line":118,"column":0},"end":{"line":129,"column":1}},"line":118}},"f":{"0":5,"1":6,"2":5,"3":9,"4":3,"5":4}}
}
