TN:
SF:src/utils/login.ts
FN:14,generateRefreshToken
FN:27,assignToken
FN:41,generateTokens
FN:81,verifyToken
FN:111,invalidateRefreshToken
FN:118,renewTokens
FNF:6
FNH:6
FNDA:5,generateRefreshToken
FNDA:6,assignToken
FNDA:5,generateTokens
FNDA:9,verifyToken
FNDA:3,invalidateRefreshToken
FNDA:4,renewTokens
DA:1,1
DA:2,1
DA:3,1
DA:4,1
DA:5,1
DA:6,1
DA:7,1
DA:8,1
DA:9,1
DA:10,1
DA:11,1
DA:12,1
DA:13,1
DA:14,5
DA:15,5
DA:16,5
DA:17,5
DA:18,5
DA:19,5
DA:20,5
DA:21,1
DA:22,1
DA:23,1
DA:24,1
DA:25,1
DA:26,1
DA:27,6
DA:28,6
DA:29,6
DA:30,6
DA:31,6
DA:32,6
DA:33,1
DA:34,1
DA:35,1
DA:36,1
DA:37,1
DA:38,1
DA:39,1
DA:40,1
DA:41,5
DA:42,5
DA:43,5
DA:44,5
DA:45,5
DA:46,5
DA:47,5
DA:48,5
DA:49,5
DA:50,5
DA:51,5
DA:52,5
DA:53,5
DA:54,5
DA:55,5
DA:56,5
DA:57,5
DA:58,5
DA:59,5
DA:60,5
DA:61,5
DA:62,5
DA:63,3
DA:64,5
DA:65,1
DA:66,1
DA:67,2
DA:68,2
DA:69,5
DA:70,3
DA:71,3
DA:72,3
DA:73,5
DA:74,1
DA:75,1
DA:76,1
DA:77,1
DA:78,1
DA:79,1
DA:80,1
DA:81,9
DA:82,9
DA:83,9
DA:84,9
DA:85,9
DA:86,9
DA:87,9
DA:88,9
DA:89,9
DA:90,9
DA:91,2
DA:92,2
DA:93,7
DA:94,9
DA:95,1
DA:96,1
DA:97,6
DA:98,9
DA:99,1
DA:100,1
DA:101,1
DA:102,5
DA:103,5
DA:104,5
DA:105,5
DA:106,5
DA:107,5
DA:108,5
DA:109,9
DA:110,1
DA:111,3
DA:112,3
DA:113,3
DA:114,3
DA:115,3
DA:116,2
DA:117,1
DA:118,4
DA:119,4
DA:120,3
DA:121,3
DA:122,3
DA:123,3
DA:124,4
DA:125,1
DA:126,1
DA:127,2
DA:128,2
DA:129,2
LF:129
LH:129
BRDA:14,0,0,5
BRDA:27,1,0,6
BRDA:41,2,0,5
BRDA:63,3,0,3
BRDA:64,4,0,1
BRDA:67,5,0,2
BRDA:69,6,0,3
BRDA:81,7,0,9
BRDA:90,8,0,2
BRDA:93,9,0,7
BRDA:94,10,0,1
BRDA:97,11,0,6
BRDA:98,12,0,1
BRDA:102,13,0,5
BRDA:111,14,0,3
BRDA:116,15,0,2
BRDA:118,16,0,4
BRDA:120,17,0,3
BRDA:124,18,0,1
BRDA:127,19,0,2
BRF:20
BRH:20
end_of_record
